<?xml version="1.0" encoding="UTF-8"?>
<!-- Generated by org.testng.reporters.JUnitXMLReporter -->
<testsuite ignored="0" hostname="BCS17564" failures="1" tests="1" name="Test" time="50.61" errors="0" timestamp="2019-11-05T12:41:36 CLST">
  <testcase classname="cl.bcs.application.suite.execute.RVExecute$ExtentReportsClass" name="variacion1" time="49.897">
    <failure type="java.lang.NullPointerException">
      <![CDATA[java.lang.NullPointerException
at cl.bcs.custodia.ConsultarCustodia.custodia(ConsultarCustodia.java:68)
at cl.bcs.application.suite.RV.suiteRV(RV.java:42)
at cl.bcs.application.suite.execute.RVExecute$ExtentReportsClass.variacion1(RVExecute.java:43)
at java.base/java.util.concurrent.ThreadPoolExecutor.runWorker(ThreadPoolExecutor.java:1128)
at java.base/java.util.concurrent.ThreadPoolExecutor$Worker.run(ThreadPoolExecutor.java:628)
at java.base/java.lang.Thread.run(Thread.java:834)
... Removed 12 stack frames]]>
    </failure>
  </testcase> <!-- variacion1 -->
</testsuite> <!-- Test -->
