<?xml version="1.0" encoding="UTF-8"?>
<testng-results total="1" passed="0" failed="1" skipped="0">
  <reporter-output>
  </reporter-output>
  <suite started-at="2019-09-25T13:44:00Z" name="Default suite" finished-at="2019-09-25T13:46:10Z" duration-ms="129355">
    <groups>
    </groups>
    <test started-at="2019-09-25T13:44:00Z" name="Default test" finished-at="2019-09-25T13:46:10Z" duration-ms="129355">
      <class name="cl.bcs.application.suite.execute.SpotExecute$ExtentReportsClass">
        <test-method is-config="true" signature="startReport()[pri:0, instance:cl.bcs.application.suite.execute.SpotExecute$ExtentReportsClass@6db9f5a4]" started-at="2019-09-25T09:44:00Z" name="startReport" finished-at="2019-09-25T09:44:17Z" duration-ms="16575" status="PASS">
          <reporter-output>
          </reporter-output>
        </test-method> <!-- startReport -->
        <test-method signature="variacion3()[pri:3, instance:cl.bcs.application.suite.execute.SpotExecute$ExtentReportsClass@6db9f5a4]" started-at="2019-09-25T09:44:17Z" name="variacion3" finished-at="2019-09-25T09:46:09Z" duration-ms="112130" status="FAIL">
          <exception class="java.lang.AssertionError">
            <message>
              <![CDATA[expected [true] but found [false]]]>
            </message>
            <full-stacktrace>
              <![CDATA[java.lang.AssertionError: expected [true] but found [false]
	at org.testng.Assert.fail(Assert.java:94)
	at org.testng.Assert.failNotEquals(Assert.java:496)
	at org.testng.Assert.assertTrue(Assert.java:42)
	at org.testng.Assert.assertTrue(Assert.java:52)
	at cl.bcs.application.suite.execute.SpotExecute$ExtentReportsClass.variacion3(SpotExecute.java:51)
	at java.base/jdk.internal.reflect.NativeMethodAccessorImpl.invoke0(Native Method)
	at java.base/jdk.internal.reflect.NativeMethodAccessorImpl.invoke(NativeMethodAccessorImpl.java:62)
	at java.base/jdk.internal.reflect.DelegatingMethodAccessorImpl.invoke(DelegatingMethodAccessorImpl.java:43)
	at java.base/java.lang.reflect.Method.invoke(Method.java:566)
	at org.testng.internal.MethodInvocationHelper.invokeMethod(MethodInvocationHelper.java:85)
	at org.testng.internal.Invoker.invokeMethod(Invoker.java:639)
	at org.testng.internal.Invoker.invokeTestMethod(Invoker.java:816)
	at org.testng.internal.Invoker.invokeTestMethods(Invoker.java:1124)
	at org.testng.internal.TestMethodWorker.invokeTestMethods(TestMethodWorker.java:125)
	at org.testng.internal.TestMethodWorker.run(TestMethodWorker.java:108)
	at org.testng.TestRunner.privateRun(TestRunner.java:774)
	at org.testng.TestRunner.run(TestRunner.java:624)
	at org.testng.SuiteRunner.runTest(SuiteRunner.java:359)
	at org.testng.SuiteRunner.runSequentially(SuiteRunner.java:354)
	at org.testng.SuiteRunner.privateRun(SuiteRunner.java:312)
	at org.testng.SuiteRunner.run(SuiteRunner.java:261)
	at org.testng.SuiteRunnerWorker.runSuite(SuiteRunnerWorker.java:52)
	at org.testng.SuiteRunnerWorker.run(SuiteRunnerWorker.java:86)
	at org.testng.TestNG.runSuitesSequentially(TestNG.java:1191)
	at org.testng.TestNG.runSuitesLocally(TestNG.java:1116)
	at org.testng.TestNG.run(TestNG.java:1024)
	at org.testng.remote.AbstractRemoteTestNG.run(AbstractRemoteTestNG.java:115)
	at org.testng.remote.RemoteTestNG.initAndRun(RemoteTestNG.java:251)
	at org.testng.remote.RemoteTestNG.main(RemoteTestNG.java:77)
]]>
            </full-stacktrace>
          </exception> <!-- java.lang.AssertionError -->
          <reporter-output>
          </reporter-output>
        </test-method> <!-- variacion3 -->
        <test-method is-config="true" signature="getResult(org.testng.ITestResult)[pri:0, instance:cl.bcs.application.suite.execute.SpotExecute$ExtentReportsClass@6db9f5a4]" started-at="2019-09-25T09:46:09Z" name="getResult" finished-at="2019-09-25T09:46:09Z" duration-ms="462" status="PASS">
          <params>
            <param index="0">
              <value>
                <![CDATA[[TestResult name=variacion3 status=FAILURE method=SpotExecute$ExtentReportsClass.variacion3()[pri:3, instance:cl.bcs.application.suite.execute.SpotExecute$ExtentReportsClass@6db9f5a4] output={null}]]]>
              </value>
            </param>
          </params>
          <reporter-output>
          </reporter-output>
        </test-method> <!-- getResult -->
        <test-method is-config="true" signature="endReport()[pri:0, instance:cl.bcs.application.suite.execute.SpotExecute$ExtentReportsClass@6db9f5a4]" started-at="2019-09-25T09:46:09Z" name="endReport" finished-at="2019-09-25T09:46:10Z" duration-ms="188" status="PASS">
          <reporter-output>
          </reporter-output>
        </test-method> <!-- endReport -->
      </class> <!-- cl.bcs.application.suite.execute.SpotExecute$ExtentReportsClass -->
    </test> <!-- Default test -->
  </suite> <!-- Default suite -->
</testng-results>
