<?xml version="1.0" encoding="UTF-8"?>
<testng-results total="1" passed="1" failed="0" skipped="0">
  <reporter-output>
  </reporter-output>
  <suite started-at="2019-09-24T21:42:36Z" name="Default suite" finished-at="2019-09-24T21:48:31Z" duration-ms="354246">
    <groups>
    </groups>
    <test started-at="2019-09-24T21:42:36Z" name="Default test" finished-at="2019-09-24T21:48:31Z" duration-ms="354246">
      <class name="cl.bcs.application.suite.execute.SpotExecute$ExtentReportsClass">
        <test-method is-config="true" signature="startReport()[pri:0, instance:cl.bcs.application.suite.execute.SpotExecute$ExtentReportsClass@6db9f5a4]" started-at="2019-09-24T17:42:36Z" name="startReport" finished-at="2019-09-24T17:42:55Z" duration-ms="18471" status="PASS">
          <reporter-output>
          </reporter-output>
        </test-method> <!-- startReport -->
        <test-method signature="variacion1()[pri:1, instance:cl.bcs.application.suite.execute.SpotExecute$ExtentReportsClass@6db9f5a4]" started-at="2019-09-24T17:42:55Z" name="variacion1" finished-at="2019-09-24T17:48:30Z" duration-ms="335574" status="PASS">
          <reporter-output>
          </reporter-output>
        </test-method> <!-- variacion1 -->
        <test-method is-config="true" signature="getResult(org.testng.ITestResult)[pri:0, instance:cl.bcs.application.suite.execute.SpotExecute$ExtentReportsClass@6db9f5a4]" started-at="2019-09-24T17:48:30Z" name="getResult" finished-at="2019-09-24T17:48:30Z" duration-ms="1" status="PASS">
          <params>
            <param index="0">
              <value>
                <![CDATA[[TestResult name=variacion1 status=SUCCESS method=SpotExecute$ExtentReportsClass.variacion1()[pri:1, instance:cl.bcs.application.suite.execute.SpotExecute$ExtentReportsClass@6db9f5a4] output={null}]]]>
              </value>
            </param>
          </params>
          <reporter-output>
          </reporter-output>
        </test-method> <!-- getResult -->
        <test-method is-config="true" signature="endReport()[pri:0, instance:cl.bcs.application.suite.execute.SpotExecute$ExtentReportsClass@6db9f5a4]" started-at="2019-09-24T17:48:30Z" name="endReport" finished-at="2019-09-24T17:48:31Z" duration-ms="195" status="PASS">
          <reporter-output>
          </reporter-output>
        </test-method> <!-- endReport -->
      </class> <!-- cl.bcs.application.suite.execute.SpotExecute$ExtentReportsClass -->
    </test> <!-- Default test -->
  </suite> <!-- Default suite -->
</testng-results>
